::1 - - [28/Aug/2018:20:52:58 +0200] "GET / HTTP/1.1" 200 46
::1 - - [28/Aug/2018:20:55:37 +0200] "GET / HTTP/1.1" 200 64
::1 - - [28/Aug/2018:20:55:37 +0200] "GET /favicon.ico HTTP/1.1" 404 209
::1 - - [28/Aug/2018:20:56:05 +0200] "GET / HTTP/1.1" 200 99
::1 - - [28/Aug/2018:21:21:14 +0200] "GET / HTTP/1.1" 200 205
::1 - - [28/Aug/2018:21:21:17 +0200] "GET /index.php HTTP/1.1" 200 27
::1 - - [28/Aug/2018:21:21:59 +0200] "GET /index.php HTTP/1.1" 200 40
::1 - - [28/Aug/2018:21:22:12 +0200] "GET /index.php HTTP/1.1" 200 43
::1 - - [28/Aug/2018:21:22:57 +0200] "GET / HTTP/1.1" 200 205
::1 - - [28/Aug/2018:21:23:01 +0200] "GET /index.php HTTP/1.1" 304 -
::1 - - [28/Aug/2018:21:48:09 +0200] "GET /index.php HTTP/1.1" 304 -
::1 - - [28/Aug/2018:21:48:10 +0200] "GET /index.php HTTP/1.1" 304 -
::1 - - [28/Aug/2018:21:48:11 +0200] "GET /index.php HTTP/1.1" 304 -
::1 - - [28/Aug/2018:21:48:12 +0200] "GET /index.php HTTP/1.1" 304 -
::1 - - [28/Aug/2018:22:05:08 +0200] "GET / HTTP/1.1" 200 205
::1 - - [28/Aug/2018:22:05:10 +0200] "GET /index.php HTTP/1.1" 200 23
::1 - - [28/Aug/2018:22:06:43 +0200] "GET /index.php HTTP/1.1" 200 23
::1 - - [28/Aug/2018:22:07:07 +0200] "GET /index.php HTTP/1.1" 200 23
::1 - - [28/Aug/2018:22:07:10 +0200] "GET /index.php HTTP/1.1" 200 23
::1 - - [28/Aug/2018:22:07:11 +0200] "GET /index.php HTTP/1.1" 200 23
::1 - - [28/Aug/2018:22:07:11 +0200] "GET /index.php HTTP/1.1" 200 23
::1 - - [28/Aug/2018:22:07:29 +0200] "GET / HTTP/1.1" 200 205
::1 - - [28/Aug/2018:22:07:30 +0200] "GET /favicon.ico HTTP/1.1" 404 209
::1 - - [28/Aug/2018:22:07:32 +0200] "GET /index.php HTTP/1.1" 200 23
::1 - - [28/Aug/2018:23:08:04 +0200] "GET / HTTP/1.1" 200 205
::1 - - [28/Aug/2018:23:08:04 +0200] "GET /favicon.ico HTTP/1.1" 404 209
::1 - - [28/Aug/2018:23:08:06 +0200] "GET /index.php HTTP/1.1" 200 23
::1 - - [28/Aug/2018:23:08:17 +0200] "GET /index.php HTTP/1.1" 200 23
::1 - - [28/Aug/2018:23:08:19 +0200] "GET /index.php HTTP/1.1" 200 23
::1 - - [28/Aug/2018:23:08:20 +0200] "GET /index.php HTTP/1.1" 200 23
::1 - - [29/Aug/2018:18:28:38 +0200] "GET / HTTP/1.1" 200 146
::1 - - [29/Aug/2018:18:28:39 +0200] "GET /favicon.ico HTTP/1.1" 404 209
::1 - - [29/Aug/2018:18:29:51 +0200] "GET / HTTP/1.1" 200 321
::1 - - [29/Aug/2018:18:29:55 +0200] "GET /dossier/ HTTP/1.1" 200 146
::1 - - [29/Aug/2018:18:29:59 +0200] "GET /index.php HTTP/1.1" 200 23
::1 - - [29/Aug/2018:18:32:23 +0200] "GET / HTTP/1.1" 200 321
::1 - - [29/Aug/2018:18:32:24 +0200] "GET / HTTP/1.1" 200 321
::1 - - [29/Aug/2018:18:32:25 +0200] "GET / HTTP/1.1" 200 321
::1 - - [29/Aug/2018:18:32:25 +0200] "GET / HTTP/1.1" 200 321
::1 - - [29/Aug/2018:18:32:26 +0200] "GET / HTTP/1.1" 200 321
::1 - - [29/Aug/2018:18:32:31 +0200] "GET / HTTP/1.1" 200 321
::1 - - [29/Aug/2018:18:33:08 +0200] "GET / HTTP/1.1" 403 209
::1 - - [29/Aug/2018:18:33:16 +0200] "GET /dossier HTTP/1.1" 301 233
::1 - - [29/Aug/2018:18:33:16 +0200] "GET /dossier/ HTTP/1.1" 200 146
::1 - - [29/Aug/2018:18:33:49 +0200] "GET /dossier/ HTTP/1.1" 200 146
::1 - - [29/Aug/2018:18:34:19 +0200] "GET /dossier/ HTTP/1.1" 200 146
::1 - - [29/Aug/2018:18:34:22 +0200] "GET / HTTP/1.1" 200 321
::1 - - [29/Aug/2018:18:34:27 +0200] "GET /htdocs%20-%20Raccourci.lnk HTTP/1.1" 200 974
::1 - - [29/Aug/2018:18:34:43 +0200] "GET /index.php HTTP/1.1" 200 23
::1 - - [29/Aug/2018:19:12:17 +0200] "GET / HTTP/1.1" 200 23
::1 - - [29/Aug/2018:19:12:17 +0200] "GET /favicon.ico HTTP/1.1" 404 209
::1 - - [29/Aug/2018:19:14:03 +0200] "GET / HTTP/1.1" 200 165
::1 - - [29/Aug/2018:19:14:34 +0200] "GET / HTTP/1.1" 200 223
::1 - - [29/Aug/2018:19:14:53 +0200] "GET / HTTP/1.1" 200 223
::1 - - [29/Aug/2018:19:15:38 +0200] "GET / HTTP/1.1" 200 -
::1 - - [29/Aug/2018:19:15:52 +0200] "GET / HTTP/1.1" 200 28
::1 - - [29/Aug/2018:19:16:21 +0200] "GET / HTTP/1.1" 200 55
::1 - - [29/Aug/2018:20:01:57 +0200] "GET / HTTP/1.1" 200 55
